<?xml version="1.0"?>
<testsuites>
 <testsuite name="test4_script" package="WalmartLabs.suite" timestamp="2018-09-06 13:14:41.365 +0530"
 tests="1"  failures="1" errors="1" time="3.162278">
  <properties>
   <property name="RunDate" value="2018-09-06 13:14:41.365 +0530"/>
   <property name="Status" value="Failure"/>
  </properties>
  <testcase name="test4.script" assertions="1" status="error"  time="3.158493">
    <failure type="FAILURE" message="Image Not Found imagefound Error - Image Property List did not contain &quot;ImageName&quot; property -- Execution Time 0:00:03 test4.script" />
    <error type="Exception" message="Image Property List did not contain &quot;ImageName&quot; property" />
  </testcase>
 </testsuite>
</testsuites>
